2012-04-16 13:06:46 Error: [MissingActionException] Action UsersController::login() could not be found.
#0 /Applications/MAMP/htdocs/emedia/lib/Cake/Routing/Dispatcher.php(103): Controller->invokeAction(Object(CakeRequest))
#1 /Applications/MAMP/htdocs/emedia/lib/Cake/Routing/Dispatcher.php(85): Dispatcher->_invoke(Object(UsersController), Object(CakeRequest), Object(CakeResponse))
#2 /Applications/MAMP/htdocs/emedia/app/webroot/index.php(96): Dispatcher->dispatch(Object(CakeRequest), Object(CakeResponse))
#3 {main}
2012-04-18 10:33:09 Error: [CakeException] $controller does not implement an isAuthorized() method.
#0 /Applications/MAMP/htdocs/emedia/lib/Cake/Controller/Component/Auth/BaseAuthorize.php(71): ControllerAuthorize->controller(Object(UsersController))
#1 /Applications/MAMP/htdocs/emedia/lib/Cake/Controller/Component/AuthComponent.php(414): BaseAuthorize->__construct(Object(ComponentCollection), Array)
#2 /Applications/MAMP/htdocs/emedia/lib/Cake/Controller/Component/AuthComponent.php(376): AuthComponent->constructAuthorize()
#3 /Applications/MAMP/htdocs/emedia/lib/Cake/Controller/Component/AuthComponent.php(330): AuthComponent->isAuthorized(Array)
#4 [internal function]: AuthComponent->startup(Object(UsersController))
#5 /Applications/MAMP/htdocs/emedia/lib/Cake/Utility/ObjectCollection.php(130): call_user_func_array(Array, Array)
#6 [internal function]: ObjectCollection->trigger(Object(CakeEvent))
#7 /Applications/MAMP/htdocs/emedia/lib/Cake/Event/CakeEventManager.php(246): call_user_func(Array, Object(CakeEvent))
#8 /Applications/MAMP/htdocs/emedia/lib/Cake/Controller/Controller.php(671): CakeEventManager->dispatch(Object(CakeEvent))
#9 /Applications/MAMP/htdocs/emedia/lib/Cake/Routing/Dispatcher.php(100): Controller->startupProcess()
#10 /Applications/MAMP/htdocs/emedia/lib/Cake/Routing/Dispatcher.php(85): Dispatcher->_invoke(Object(UsersController), Object(CakeRequest), Object(CakeResponse))
#11 /Applications/MAMP/htdocs/emedia/app/webroot/index.php(96): Dispatcher->dispatch(Object(CakeRequest), Object(CakeResponse))
#12 {main}
2012-04-18 10:54:48 Error: [CakeException] $controller does not implement an isAuthorized() method.
#0 /Applications/MAMP/htdocs/emedia/lib/Cake/Controller/Component/Auth/BaseAuthorize.php(71): ControllerAuthorize->controller(Object(UsersController))
#1 /Applications/MAMP/htdocs/emedia/lib/Cake/Controller/Component/AuthComponent.php(414): BaseAuthorize->__construct(Object(ComponentCollection), Array)
#2 /Applications/MAMP/htdocs/emedia/lib/Cake/Controller/Component/AuthComponent.php(376): AuthComponent->constructAuthorize()
#3 /Applications/MAMP/htdocs/emedia/lib/Cake/Controller/Component/AuthComponent.php(330): AuthComponent->isAuthorized(Array)
#4 [internal function]: AuthComponent->startup(Object(UsersController))
#5 /Applications/MAMP/htdocs/emedia/lib/Cake/Utility/ObjectCollection.php(130): call_user_func_array(Array, Array)
#6 [internal function]: ObjectCollection->trigger(Object(CakeEvent))
#7 /Applications/MAMP/htdocs/emedia/lib/Cake/Event/CakeEventManager.php(246): call_user_func(Array, Object(CakeEvent))
#8 /Applications/MAMP/htdocs/emedia/lib/Cake/Controller/Controller.php(671): CakeEventManager->dispatch(Object(CakeEvent))
#9 /Applications/MAMP/htdocs/emedia/lib/Cake/Routing/Dispatcher.php(100): Controller->startupProcess()
#10 /Applications/MAMP/htdocs/emedia/lib/Cake/Routing/Dispatcher.php(85): Dispatcher->_invoke(Object(UsersController), Object(CakeRequest), Object(CakeResponse))
#11 /Applications/MAMP/htdocs/emedia/app/webroot/index.php(96): Dispatcher->dispatch(Object(CakeRequest), Object(CakeResponse))
#12 {main}
2012-04-18 10:54:59 Error: [CakeException] $controller does not implement an isAuthorized() method.
#0 /Applications/MAMP/htdocs/emedia/lib/Cake/Controller/Component/Auth/BaseAuthorize.php(71): ControllerAuthorize->controller(Object(UsersController))
#1 /Applications/MAMP/htdocs/emedia/lib/Cake/Controller/Component/AuthComponent.php(414): BaseAuthorize->__construct(Object(ComponentCollection), Array)
#2 /Applications/MAMP/htdocs/emedia/lib/Cake/Controller/Component/AuthComponent.php(376): AuthComponent->constructAuthorize()
#3 /Applications/MAMP/htdocs/emedia/lib/Cake/Controller/Component/AuthComponent.php(330): AuthComponent->isAuthorized(Array)
#4 [internal function]: AuthComponent->startup(Object(UsersController))
#5 /Applications/MAMP/htdocs/emedia/lib/Cake/Utility/ObjectCollection.php(130): call_user_func_array(Array, Array)
#6 [internal function]: ObjectCollection->trigger(Object(CakeEvent))
#7 /Applications/MAMP/htdocs/emedia/lib/Cake/Event/CakeEventManager.php(246): call_user_func(Array, Object(CakeEvent))
#8 /Applications/MAMP/htdocs/emedia/lib/Cake/Controller/Controller.php(671): CakeEventManager->dispatch(Object(CakeEvent))
#9 /Applications/MAMP/htdocs/emedia/lib/Cake/Routing/Dispatcher.php(100): Controller->startupProcess()
#10 /Applications/MAMP/htdocs/emedia/lib/Cake/Routing/Dispatcher.php(85): Dispatcher->_invoke(Object(UsersController), Object(CakeRequest), Object(CakeResponse))
#11 /Applications/MAMP/htdocs/emedia/app/webroot/index.php(96): Dispatcher->dispatch(Object(CakeRequest), Object(CakeResponse))
#12 {main}
2012-04-18 11:26:18 Error: [CakeException] $controller does not implement an isAuthorized() method.
#0 /Applications/MAMP/htdocs/emedia/lib/Cake/Controller/Component/Auth/BaseAuthorize.php(71): ControllerAuthorize->controller(Object(UsersController))
#1 /Applications/MAMP/htdocs/emedia/lib/Cake/Controller/Component/AuthComponent.php(414): BaseAuthorize->__construct(Object(ComponentCollection), Array)
#2 /Applications/MAMP/htdocs/emedia/lib/Cake/Controller/Component/AuthComponent.php(376): AuthComponent->constructAuthorize()
#3 /Applications/MAMP/htdocs/emedia/lib/Cake/Controller/Component/AuthComponent.php(330): AuthComponent->isAuthorized(Array)
#4 [internal function]: AuthComponent->startup(Object(UsersController))
#5 /Applications/MAMP/htdocs/emedia/lib/Cake/Utility/ObjectCollection.php(130): call_user_func_array(Array, Array)
#6 [internal function]: ObjectCollection->trigger(Object(CakeEvent))
#7 /Applications/MAMP/htdocs/emedia/lib/Cake/Event/CakeEventManager.php(246): call_user_func(Array, Object(CakeEvent))
#8 /Applications/MAMP/htdocs/emedia/lib/Cake/Controller/Controller.php(671): CakeEventManager->dispatch(Object(CakeEvent))
#9 /Applications/MAMP/htdocs/emedia/lib/Cake/Routing/Dispatcher.php(100): Controller->startupProcess()
#10 /Applications/MAMP/htdocs/emedia/lib/Cake/Routing/Dispatcher.php(85): Dispatcher->_invoke(Object(UsersController), Object(CakeRequest), Object(CakeResponse))
#11 /Applications/MAMP/htdocs/emedia/app/webroot/index.php(96): Dispatcher->dispatch(Object(CakeRequest), Object(CakeResponse))
#12 {main}
2012-04-18 14:08:13 Error: [MissingControllerException] Controller class HomeController could not be found.
#0 /Applications/MAMP/htdocs/emedia/app/webroot/index.php(96): Dispatcher->dispatch(Object(CakeRequest), Object(CakeResponse))
#1 {main}
2012-04-18 14:08:46 Error: [MissingControllerException] Controller class HomeController could not be found.
#0 /Applications/MAMP/htdocs/emedia/app/webroot/index.php(96): Dispatcher->dispatch(Object(CakeRequest), Object(CakeResponse))
#1 {main}
2012-04-18 15:05:12 Error: [NotFoundException] Ongeldige docent.
#0 [internal function]: UsersController->edit('1')
#1 /Applications/MAMP/htdocs/emedia/lib/Cake/Controller/Controller.php(485): ReflectionMethod->invokeArgs(Object(UsersController), Array)
#2 /Applications/MAMP/htdocs/emedia/lib/Cake/Routing/Dispatcher.php(103): Controller->invokeAction(Object(CakeRequest))
#3 /Applications/MAMP/htdocs/emedia/lib/Cake/Routing/Dispatcher.php(85): Dispatcher->_invoke(Object(UsersController), Object(CakeRequest), Object(CakeResponse))
#4 /Applications/MAMP/htdocs/emedia/app/webroot/index.php(96): Dispatcher->dispatch(Object(CakeRequest), Object(CakeResponse))
#5 {main}
2012-04-20 15:48:23 Error: [MissingViewException] View file "/Applications/MAMP/htdocs/emedia/app/View/Elders/index.ctp" is missing.
#0 /Applications/MAMP/htdocs/emedia/lib/Cake/View/View.php(460): View->_getViewFileName(NULL)
#1 /Applications/MAMP/htdocs/emedia/lib/Cake/Controller/Controller.php(959): View->render(NULL, NULL)
#2 /Applications/MAMP/htdocs/emedia/lib/Cake/Routing/Dispatcher.php(110): Controller->render()
#3 /Applications/MAMP/htdocs/emedia/lib/Cake/Routing/Dispatcher.php(85): Dispatcher->_invoke(Object(EldersController), Object(CakeRequest), Object(CakeResponse))
#4 /Applications/MAMP/htdocs/emedia/app/webroot/index.php(96): Dispatcher->dispatch(Object(CakeRequest), Object(CakeResponse))
#5 {main}
2012-04-20 15:51:00 Error: [MissingControllerException] Controller class KidsController could not be found.
#0 /Applications/MAMP/htdocs/emedia/app/webroot/index.php(96): Dispatcher->dispatch(Object(CakeRequest), Object(CakeResponse))
#1 {main}
2012-04-20 15:52:08 Error: [MissingControllerException] Controller class KidsController could not be found.
#0 /Applications/MAMP/htdocs/emedia/app/webroot/index.php(96): Dispatcher->dispatch(Object(CakeRequest), Object(CakeResponse))
#1 {main}
2012-04-20 15:57:57 Error: [MissingControllerException] Controller class GroupsController could not be found.
#0 /Applications/MAMP/htdocs/emedia/app/webroot/index.php(96): Dispatcher->dispatch(Object(CakeRequest), Object(CakeResponse))
#1 {main}
2012-04-20 15:59:13 Error: [MissingControllerException] Controller class GroupsController could not be found.
#0 /Applications/MAMP/htdocs/emedia/app/webroot/index.php(96): Dispatcher->dispatch(Object(CakeRequest), Object(CakeResponse))
#1 {main}
2012-04-20 16:00:03 Error: [MissingViewException] View file "/Applications/MAMP/htdocs/emedia/app/View/Groups/add.ctp" is missing.
#0 /Applications/MAMP/htdocs/emedia/lib/Cake/View/View.php(460): View->_getViewFileName(NULL)
#1 /Applications/MAMP/htdocs/emedia/lib/Cake/Controller/Controller.php(959): View->render(NULL, NULL)
#2 /Applications/MAMP/htdocs/emedia/lib/Cake/Routing/Dispatcher.php(110): Controller->render()
#3 /Applications/MAMP/htdocs/emedia/lib/Cake/Routing/Dispatcher.php(85): Dispatcher->_invoke(Object(GroupsController), Object(CakeRequest), Object(CakeResponse))
#4 /Applications/MAMP/htdocs/emedia/app/webroot/index.php(96): Dispatcher->dispatch(Object(CakeRequest), Object(CakeResponse))
#5 {main}
2012-04-20 16:02:14 Error: [PDOException] SQLSTATE[42S22]: Column not found: 1054 Unknown column 'EldersKid.elder_id' in 'where clause'
#0 /Applications/MAMP/htdocs/emedia/lib/Cake/Model/Datasource/DboSource.php(437): PDOStatement->execute(Array)
#1 /Applications/MAMP/htdocs/emedia/lib/Cake/Model/Datasource/DboSource.php(403): DboSource->_execute('SELECT `EldersK...', Array)
#2 /Applications/MAMP/htdocs/emedia/lib/Cake/Model/Datasource/DboSource.php(647): DboSource->execute('SELECT `EldersK...', Array, Array)
#3 /Applications/MAMP/htdocs/emedia/lib/Cake/Model/Datasource/DboSource.php(1058): DboSource->fetchAll('SELECT `EldersK...', false)
#4 /Applications/MAMP/htdocs/emedia/lib/Cake/Model/Model.php(2653): DboSource->read(Object(AppModel), Array)
#5 /Applications/MAMP/htdocs/emedia/lib/Cake/Model/Model.php(1820): Model->find('all', Array)
#6 /Applications/MAMP/htdocs/emedia/lib/Cake/Model/Model.php(1716): Model->_saveMulti(Array, '1', Object(Mysql))
#7 /Applications/MAMP/htdocs/emedia/app/Controller/EldersController.php(43): Model->save(Array)
#8 [internal function]: EldersController->add()
#9 /Applications/MAMP/htdocs/emedia/lib/Cake/Controller/Controller.php(485): ReflectionMethod->invokeArgs(Object(EldersController), Array)
#10 /Applications/MAMP/htdocs/emedia/lib/Cake/Routing/Dispatcher.php(103): Controller->invokeAction(Object(CakeRequest))
#11 /Applications/MAMP/htdocs/emedia/lib/Cake/Routing/Dispatcher.php(85): Dispatcher->_invoke(Object(EldersController), Object(CakeRequest), Object(CakeResponse))
#12 /Applications/MAMP/htdocs/emedia/app/webroot/index.php(96): Dispatcher->dispatch(Object(CakeRequest), Object(CakeResponse))
#13 {main}
2012-04-20 16:19:11 Error: [NotFoundException] Invalid kid
#0 [internal function]: KidsController->delete('0')
#1 /Applications/MAMP/htdocs/emedia/lib/Cake/Controller/Controller.php(485): ReflectionMethod->invokeArgs(Object(KidsController), Array)
#2 /Applications/MAMP/htdocs/emedia/lib/Cake/Routing/Dispatcher.php(103): Controller->invokeAction(Object(CakeRequest))
#3 /Applications/MAMP/htdocs/emedia/lib/Cake/Routing/Dispatcher.php(85): Dispatcher->_invoke(Object(KidsController), Object(CakeRequest), Object(CakeResponse))
#4 /Applications/MAMP/htdocs/emedia/app/webroot/index.php(96): Dispatcher->dispatch(Object(CakeRequest), Object(CakeResponse))
#5 {main}
2012-04-20 16:28:18 Error: [PDOException] SQLSTATE[42S22]: Column not found: 1054 Unknown column 'Kid.kid' in 'field list'
#0 /Applications/MAMP/htdocs/emedia/lib/Cake/Model/Datasource/DboSource.php(437): PDOStatement->execute(Array)
#1 /Applications/MAMP/htdocs/emedia/lib/Cake/Model/Datasource/DboSource.php(403): DboSource->_execute('SELECT `Kid`.`i...', Array)
#2 /Applications/MAMP/htdocs/emedia/lib/Cake/Model/Datasource/DboSource.php(647): DboSource->execute('SELECT `Kid`.`i...', Array, Array)
#3 /Applications/MAMP/htdocs/emedia/lib/Cake/Model/Datasource/DboSource.php(1058): DboSource->fetchAll('SELECT `Kid`.`i...', false)
#4 /Applications/MAMP/htdocs/emedia/lib/Cake/Model/Model.php(2653): DboSource->read(Object(Kid), Array)
#5 /Applications/MAMP/htdocs/emedia/app/Controller/EldersController.php(50): Model->find('list')
#6 [internal function]: EldersController->add()
#7 /Applications/MAMP/htdocs/emedia/lib/Cake/Controller/Controller.php(485): ReflectionMethod->invokeArgs(Object(EldersController), Array)
#8 /Applications/MAMP/htdocs/emedia/lib/Cake/Routing/Dispatcher.php(103): Controller->invokeAction(Object(CakeRequest))
#9 /Applications/MAMP/htdocs/emedia/lib/Cake/Routing/Dispatcher.php(85): Dispatcher->_invoke(Object(EldersController), Object(CakeRequest), Object(CakeResponse))
#10 /Applications/MAMP/htdocs/emedia/app/webroot/index.php(96): Dispatcher->dispatch(Object(CakeRequest), Object(CakeResponse))
#11 {main}
2012-04-20 16:28:28 Error: [PDOException] SQLSTATE[42S22]: Column not found: 1054 Unknown column 'Kid.kids' in 'field list'
#0 /Applications/MAMP/htdocs/emedia/lib/Cake/Model/Datasource/DboSource.php(437): PDOStatement->execute(Array)
#1 /Applications/MAMP/htdocs/emedia/lib/Cake/Model/Datasource/DboSource.php(403): DboSource->_execute('SELECT `Kid`.`i...', Array)
#2 /Applications/MAMP/htdocs/emedia/lib/Cake/Model/Datasource/DboSource.php(647): DboSource->execute('SELECT `Kid`.`i...', Array, Array)
#3 /Applications/MAMP/htdocs/emedia/lib/Cake/Model/Datasource/DboSource.php(1058): DboSource->fetchAll('SELECT `Kid`.`i...', false)
#4 /Applications/MAMP/htdocs/emedia/lib/Cake/Model/Model.php(2653): DboSource->read(Object(Kid), Array)
#5 /Applications/MAMP/htdocs/emedia/app/Controller/EldersController.php(50): Model->find('list')
#6 [internal function]: EldersController->add()
#7 /Applications/MAMP/htdocs/emedia/lib/Cake/Controller/Controller.php(485): ReflectionMethod->invokeArgs(Object(EldersController), Array)
#8 /Applications/MAMP/htdocs/emedia/lib/Cake/Routing/Dispatcher.php(103): Controller->invokeAction(Object(CakeRequest))
#9 /Applications/MAMP/htdocs/emedia/lib/Cake/Routing/Dispatcher.php(85): Dispatcher->_invoke(Object(EldersController), Object(CakeRequest), Object(CakeResponse))
#10 /Applications/MAMP/htdocs/emedia/app/webroot/index.php(96): Dispatcher->dispatch(Object(CakeRequest), Object(CakeResponse))
#11 {main}
2012-04-20 16:29:02 Error: [PDOException] SQLSTATE[42S22]: Column not found: 1054 Unknown column 'Kid.firstname' in 'field list'
#0 /Applications/MAMP/htdocs/emedia/lib/Cake/Model/Datasource/DboSource.php(437): PDOStatement->execute(Array)
#1 /Applications/MAMP/htdocs/emedia/lib/Cake/Model/Datasource/DboSource.php(403): DboSource->_execute('SELECT `Kid`.`i...', Array)
#2 /Applications/MAMP/htdocs/emedia/lib/Cake/Model/Datasource/DboSource.php(647): DboSource->execute('SELECT `Kid`.`i...', Array, Array)
#3 /Applications/MAMP/htdocs/emedia/lib/Cake/Model/Datasource/DboSource.php(1058): DboSource->fetchAll('SELECT `Kid`.`i...', false)
#4 /Applications/MAMP/htdocs/emedia/lib/Cake/Model/Model.php(2653): DboSource->read(Object(Kid), Array)
#5 /Applications/MAMP/htdocs/emedia/app/Controller/EldersController.php(50): Model->find('list')
#6 [internal function]: EldersController->add()
#7 /Applications/MAMP/htdocs/emedia/lib/Cake/Controller/Controller.php(485): ReflectionMethod->invokeArgs(Object(EldersController), Array)
#8 /Applications/MAMP/htdocs/emedia/lib/Cake/Routing/Dispatcher.php(103): Controller->invokeAction(Object(CakeRequest))
#9 /Applications/MAMP/htdocs/emedia/lib/Cake/Routing/Dispatcher.php(85): Dispatcher->_invoke(Object(EldersController), Object(CakeRequest), Object(CakeResponse))
#10 /Applications/MAMP/htdocs/emedia/app/webroot/index.php(96): Dispatcher->dispatch(Object(CakeRequest), Object(CakeResponse))
#11 {main}
2012-04-20 16:40:22 Error: [PDOException] SQLSTATE[42000]: Syntax error or access violation: 1305 FUNCTION Kid.CONCAT does not exist
#0 /Applications/MAMP/htdocs/emedia/lib/Cake/Model/Datasource/DboSource.php(437): PDOStatement->execute(Array)
#1 /Applications/MAMP/htdocs/emedia/lib/Cake/Model/Datasource/DboSource.php(403): DboSource->_execute('SELECT `Kid`.`i...', Array)
#2 /Applications/MAMP/htdocs/emedia/lib/Cake/Model/Datasource/DboSource.php(647): DboSource->execute('SELECT `Kid`.`i...', Array, Array)
#3 /Applications/MAMP/htdocs/emedia/lib/Cake/Model/Datasource/DboSource.php(1058): DboSource->fetchAll('SELECT `Kid`.`i...', false)
#4 /Applications/MAMP/htdocs/emedia/lib/Cake/Model/Model.php(2653): DboSource->read(Object(Kid), Array)
#5 /Applications/MAMP/htdocs/emedia/app/Controller/EldersController.php(50): Model->find('list')
#6 [internal function]: EldersController->add()
#7 /Applications/MAMP/htdocs/emedia/lib/Cake/Controller/Controller.php(485): ReflectionMethod->invokeArgs(Object(EldersController), Array)
#8 /Applications/MAMP/htdocs/emedia/lib/Cake/Routing/Dispatcher.php(103): Controller->invokeAction(Object(CakeRequest))
#9 /Applications/MAMP/htdocs/emedia/lib/Cake/Routing/Dispatcher.php(85): Dispatcher->_invoke(Object(EldersController), Object(CakeRequest), Object(CakeResponse))
#10 /Applications/MAMP/htdocs/emedia/app/webroot/index.php(96): Dispatcher->dispatch(Object(CakeRequest), Object(CakeResponse))
#11 {main}
2012-04-20 16:40:25 Error: [PDOException] SQLSTATE[42000]: Syntax error or access violation: 1305 FUNCTION Kid.CONCAT does not exist
#0 /Applications/MAMP/htdocs/emedia/lib/Cake/Model/Datasource/DboSource.php(437): PDOStatement->execute(Array)
#1 /Applications/MAMP/htdocs/emedia/lib/Cake/Model/Datasource/DboSource.php(403): DboSource->_execute('SELECT `Kid`.`i...', Array)
#2 /Applications/MAMP/htdocs/emedia/lib/Cake/Model/Datasource/DboSource.php(647): DboSource->execute('SELECT `Kid`.`i...', Array, Array)
#3 /Applications/MAMP/htdocs/emedia/lib/Cake/Model/Datasource/DboSource.php(1058): DboSource->fetchAll('SELECT `Kid`.`i...', false)
#4 /Applications/MAMP/htdocs/emedia/lib/Cake/Model/Model.php(2653): DboSource->read(Object(Kid), Array)
#5 /Applications/MAMP/htdocs/emedia/app/Controller/EldersController.php(50): Model->find('list')
#6 [internal function]: EldersController->add()
#7 /Applications/MAMP/htdocs/emedia/lib/Cake/Controller/Controller.php(485): ReflectionMethod->invokeArgs(Object(EldersController), Array)
#8 /Applications/MAMP/htdocs/emedia/lib/Cake/Routing/Dispatcher.php(103): Controller->invokeAction(Object(CakeRequest))
#9 /Applications/MAMP/htdocs/emedia/lib/Cake/Routing/Dispatcher.php(85): Dispatcher->_invoke(Object(EldersController), Object(CakeRequest), Object(CakeResponse))
#10 /Applications/MAMP/htdocs/emedia/app/webroot/index.php(96): Dispatcher->dispatch(Object(CakeRequest), Object(CakeResponse))
#11 {main}
2012-04-20 16:40:42 Error: [PDOException] SQLSTATE[42000]: Syntax error or access violation: 1305 FUNCTION Kid.CONCAT does not exist
#0 /Applications/MAMP/htdocs/emedia/lib/Cake/Model/Datasource/DboSource.php(437): PDOStatement->execute(Array)
#1 /Applications/MAMP/htdocs/emedia/lib/Cake/Model/Datasource/DboSource.php(403): DboSource->_execute('SELECT `Kid`.`i...', Array)
#2 /Applications/MAMP/htdocs/emedia/lib/Cake/Model/Datasource/DboSource.php(647): DboSource->execute('SELECT `Kid`.`i...', Array, Array)
#3 /Applications/MAMP/htdocs/emedia/lib/Cake/Model/Datasource/DboSource.php(1058): DboSource->fetchAll('SELECT `Kid`.`i...', false)
#4 /Applications/MAMP/htdocs/emedia/lib/Cake/Model/Model.php(2653): DboSource->read(Object(Kid), Array)
#5 /Applications/MAMP/htdocs/emedia/app/Controller/EldersController.php(50): Model->find('list')
#6 [internal function]: EldersController->add()
#7 /Applications/MAMP/htdocs/emedia/lib/Cake/Controller/Controller.php(485): ReflectionMethod->invokeArgs(Object(EldersController), Array)
#8 /Applications/MAMP/htdocs/emedia/lib/Cake/Routing/Dispatcher.php(103): Controller->invokeAction(Object(CakeRequest))
#9 /Applications/MAMP/htdocs/emedia/lib/Cake/Routing/Dispatcher.php(85): Dispatcher->_invoke(Object(EldersController), Object(CakeRequest), Object(CakeResponse))
#10 /Applications/MAMP/htdocs/emedia/app/webroot/index.php(96): Dispatcher->dispatch(Object(CakeRequest), Object(CakeResponse))
#11 {main}
2012-04-20 16:40:52 Error: [PDOException] SQLSTATE[42000]: Syntax error or access violation: 1305 FUNCTION Kid.CONCAT does not exist
#0 /Applications/MAMP/htdocs/emedia/lib/Cake/Model/Datasource/DboSource.php(437): PDOStatement->execute(Array)
#1 /Applications/MAMP/htdocs/emedia/lib/Cake/Model/Datasource/DboSource.php(403): DboSource->_execute('SELECT `Kid`.`i...', Array)
#2 /Applications/MAMP/htdocs/emedia/lib/Cake/Model/Datasource/DboSource.php(647): DboSource->execute('SELECT `Kid`.`i...', Array, Array)
#3 /Applications/MAMP/htdocs/emedia/lib/Cake/Model/Datasource/DboSource.php(1058): DboSource->fetchAll('SELECT `Kid`.`i...', false)
#4 /Applications/MAMP/htdocs/emedia/lib/Cake/Model/Model.php(2653): DboSource->read(Object(Kid), Array)
#5 /Applications/MAMP/htdocs/emedia/app/Controller/EldersController.php(50): Model->find('list')
#6 [internal function]: EldersController->add()
#7 /Applications/MAMP/htdocs/emedia/lib/Cake/Controller/Controller.php(485): ReflectionMethod->invokeArgs(Object(EldersController), Array)
#8 /Applications/MAMP/htdocs/emedia/lib/Cake/Routing/Dispatcher.php(103): Controller->invokeAction(Object(CakeRequest))
#9 /Applications/MAMP/htdocs/emedia/lib/Cake/Routing/Dispatcher.php(85): Dispatcher->_invoke(Object(EldersController), Object(CakeRequest), Object(CakeResponse))
#10 /Applications/MAMP/htdocs/emedia/app/webroot/index.php(96): Dispatcher->dispatch(Object(CakeRequest), Object(CakeResponse))
#11 {main}
2012-04-23 09:45:51 Error: [MissingControllerException] Controller class LoginController could not be found.
#0 /Applications/MAMP/htdocs/emedia/app/webroot/index.php(96): Dispatcher->dispatch(Object(CakeRequest), Object(CakeResponse))
#1 {main}
2012-04-23 10:09:15 Error: [PDOException] SQLSTATE[42S22]: Column not found: 1054 Unknown column 'Elder.full_name' in 'field list'
#0 /Applications/MAMP/htdocs/emedia/lib/Cake/Model/Datasource/DboSource.php(437): PDOStatement->execute(Array)
#1 /Applications/MAMP/htdocs/emedia/lib/Cake/Model/Datasource/DboSource.php(403): DboSource->_execute('SELECT `Elder`....', Array)
#2 /Applications/MAMP/htdocs/emedia/lib/Cake/Model/Datasource/DboSource.php(647): DboSource->execute('SELECT `Elder`....', Array, Array)
#3 /Applications/MAMP/htdocs/emedia/lib/Cake/Model/Datasource/DboSource.php(1058): DboSource->fetchAll('SELECT `Elder`....', false)
#4 /Applications/MAMP/htdocs/emedia/lib/Cake/Model/Model.php(2653): DboSource->read(Object(Elder), Array)
#5 /Applications/MAMP/htdocs/emedia/app/Controller/KidsController.php(51): Model->find('list')
#6 [internal function]: KidsController->add()
#7 /Applications/MAMP/htdocs/emedia/lib/Cake/Controller/Controller.php(485): ReflectionMethod->invokeArgs(Object(KidsController), Array)
#8 /Applications/MAMP/htdocs/emedia/lib/Cake/Routing/Dispatcher.php(103): Controller->invokeAction(Object(CakeRequest))
#9 /Applications/MAMP/htdocs/emedia/lib/Cake/Routing/Dispatcher.php(85): Dispatcher->_invoke(Object(KidsController), Object(CakeRequest), Object(CakeResponse))
#10 /Applications/MAMP/htdocs/emedia/app/webroot/index.php(96): Dispatcher->dispatch(Object(CakeRequest), Object(CakeResponse))
#11 {main}
2012-04-23 10:20:56 Error: [MissingActionException] Action EldersController::login() could not be found.
#0 /Applications/MAMP/htdocs/emedia/lib/Cake/Routing/Dispatcher.php(103): Controller->invokeAction(Object(CakeRequest))
#1 /Applications/MAMP/htdocs/emedia/lib/Cake/Routing/Dispatcher.php(85): Dispatcher->_invoke(Object(EldersController), Object(CakeRequest), Object(CakeResponse))
#2 /Applications/MAMP/htdocs/emedia/app/webroot/index.php(96): Dispatcher->dispatch(Object(CakeRequest), Object(CakeResponse))
#3 {main}
2012-04-23 11:11:04 Error: [NotFoundException] Ongeldige ouder
#0 [internal function]: EldersController->edit('2')
#1 /Applications/MAMP/htdocs/emedia/lib/Cake/Controller/Controller.php(485): ReflectionMethod->invokeArgs(Object(EldersController), Array)
#2 /Applications/MAMP/htdocs/emedia/lib/Cake/Routing/Dispatcher.php(103): Controller->invokeAction(Object(CakeRequest))
#3 /Applications/MAMP/htdocs/emedia/lib/Cake/Routing/Dispatcher.php(85): Dispatcher->_invoke(Object(EldersController), Object(CakeRequest), Object(CakeResponse))
#4 /Applications/MAMP/htdocs/emedia/app/webroot/index.php(96): Dispatcher->dispatch(Object(CakeRequest), Object(CakeResponse))
#5 {main}
2012-04-23 11:11:08 Error: [NotFoundException] Ongeldige ouder
#0 [internal function]: EldersController->edit('3')
#1 /Applications/MAMP/htdocs/emedia/lib/Cake/Controller/Controller.php(485): ReflectionMethod->invokeArgs(Object(EldersController), Array)
#2 /Applications/MAMP/htdocs/emedia/lib/Cake/Routing/Dispatcher.php(103): Controller->invokeAction(Object(CakeRequest))
#3 /Applications/MAMP/htdocs/emedia/lib/Cake/Routing/Dispatcher.php(85): Dispatcher->_invoke(Object(EldersController), Object(CakeRequest), Object(CakeResponse))
#4 /Applications/MAMP/htdocs/emedia/app/webroot/index.php(96): Dispatcher->dispatch(Object(CakeRequest), Object(CakeResponse))
#5 {main}
2012-04-23 11:11:51 Error: [NotFoundException] Ongeldige ouder
#0 [internal function]: EldersController->edit('3')
#1 /Applications/MAMP/htdocs/emedia/lib/Cake/Controller/Controller.php(485): ReflectionMethod->invokeArgs(Object(EldersController), Array)
#2 /Applications/MAMP/htdocs/emedia/lib/Cake/Routing/Dispatcher.php(103): Controller->invokeAction(Object(CakeRequest))
#3 /Applications/MAMP/htdocs/emedia/lib/Cake/Routing/Dispatcher.php(85): Dispatcher->_invoke(Object(EldersController), Object(CakeRequest), Object(CakeResponse))
#4 /Applications/MAMP/htdocs/emedia/app/webroot/index.php(96): Dispatcher->dispatch(Object(CakeRequest), Object(CakeResponse))
#5 {main}
2012-04-23 11:12:21 Error: [NotFoundException] Ongeldige ouder
#0 [internal function]: EldersController->edit('3')
#1 /Applications/MAMP/htdocs/emedia/lib/Cake/Controller/Controller.php(485): ReflectionMethod->invokeArgs(Object(EldersController), Array)
#2 /Applications/MAMP/htdocs/emedia/lib/Cake/Routing/Dispatcher.php(103): Controller->invokeAction(Object(CakeRequest))
#3 /Applications/MAMP/htdocs/emedia/lib/Cake/Routing/Dispatcher.php(85): Dispatcher->_invoke(Object(EldersController), Object(CakeRequest), Object(CakeResponse))
#4 /Applications/MAMP/htdocs/emedia/app/webroot/index.php(96): Dispatcher->dispatch(Object(CakeRequest), Object(CakeResponse))
#5 {main}
2012-04-23 11:12:24 Error: [NotFoundException] Ongeldige ouder
#0 [internal function]: EldersController->edit('2')
#1 /Applications/MAMP/htdocs/emedia/lib/Cake/Controller/Controller.php(485): ReflectionMethod->invokeArgs(Object(EldersController), Array)
#2 /Applications/MAMP/htdocs/emedia/lib/Cake/Routing/Dispatcher.php(103): Controller->invokeAction(Object(CakeRequest))
#3 /Applications/MAMP/htdocs/emedia/lib/Cake/Routing/Dispatcher.php(85): Dispatcher->_invoke(Object(EldersController), Object(CakeRequest), Object(CakeResponse))
#4 /Applications/MAMP/htdocs/emedia/app/webroot/index.php(96): Dispatcher->dispatch(Object(CakeRequest), Object(CakeResponse))
#5 {main}
2012-04-23 11:12:26 Error: [NotFoundException] Ongeldige ouder
#0 [internal function]: EldersController->edit('2')
#1 /Applications/MAMP/htdocs/emedia/lib/Cake/Controller/Controller.php(485): ReflectionMethod->invokeArgs(Object(EldersController), Array)
#2 /Applications/MAMP/htdocs/emedia/lib/Cake/Routing/Dispatcher.php(103): Controller->invokeAction(Object(CakeRequest))
#3 /Applications/MAMP/htdocs/emedia/lib/Cake/Routing/Dispatcher.php(85): Dispatcher->_invoke(Object(EldersController), Object(CakeRequest), Object(CakeResponse))
#4 /Applications/MAMP/htdocs/emedia/app/webroot/index.php(96): Dispatcher->dispatch(Object(CakeRequest), Object(CakeResponse))
#5 {main}
2012-04-23 12:11:05 Error: [MissingActionException] Action UsersController::elders() could not be found.
#0 /Applications/MAMP/htdocs/emedia/lib/Cake/Routing/Dispatcher.php(103): Controller->invokeAction(Object(CakeRequest))
#1 /Applications/MAMP/htdocs/emedia/lib/Cake/Routing/Dispatcher.php(85): Dispatcher->_invoke(Object(UsersController), Object(CakeRequest), Object(CakeResponse))
#2 /Applications/MAMP/htdocs/emedia/app/webroot/index.php(96): Dispatcher->dispatch(Object(CakeRequest), Object(CakeResponse))
#3 {main}
2012-04-23 12:21:00 Error: [MissingControllerException] Controller class KidController could not be found.
#0 /Applications/MAMP/htdocs/emedia/app/webroot/index.php(96): Dispatcher->dispatch(Object(CakeRequest), Object(CakeResponse))
#1 {main}
2012-04-23 12:23:11 Error: [MissingControllerException] Controller class KidController could not be found.
#0 /Applications/MAMP/htdocs/emedia/app/webroot/index.php(96): Dispatcher->dispatch(Object(CakeRequest), Object(CakeResponse))
#1 {main}
2012-04-23 12:43:43 Error: [MissingActionException] Action UsersController::elders() could not be found.
#0 /Applications/MAMP/htdocs/emedia/lib/Cake/Routing/Dispatcher.php(103): Controller->invokeAction(Object(CakeRequest))
#1 /Applications/MAMP/htdocs/emedia/lib/Cake/Routing/Dispatcher.php(85): Dispatcher->_invoke(Object(UsersController), Object(CakeRequest), Object(CakeResponse))
#2 /Applications/MAMP/htdocs/emedia/app/webroot/index.php(96): Dispatcher->dispatch(Object(CakeRequest), Object(CakeResponse))
#3 {main}
2012-04-23 13:42:58 Error: [MissingControllerException] Controller class KidController could not be found.
#0 /Applications/MAMP/htdocs/emedia/app/webroot/index.php(96): Dispatcher->dispatch(Object(CakeRequest), Object(CakeResponse))
#1 {main}
2012-04-23 13:43:01 Error: [MissingActionException] Action KidsController::all() could not be found.
#0 /Applications/MAMP/htdocs/emedia/lib/Cake/Routing/Dispatcher.php(103): Controller->invokeAction(Object(CakeRequest))
#1 /Applications/MAMP/htdocs/emedia/lib/Cake/Routing/Dispatcher.php(85): Dispatcher->_invoke(Object(KidsController), Object(CakeRequest), Object(CakeResponse))
#2 /Applications/MAMP/htdocs/emedia/app/webroot/index.php(96): Dispatcher->dispatch(Object(CakeRequest), Object(CakeResponse))
#3 {main}
2012-04-23 13:43:17 Error: [MissingActionException] Action KidsController::all() could not be found.
#0 /Applications/MAMP/htdocs/emedia/lib/Cake/Routing/Dispatcher.php(103): Controller->invokeAction(Object(CakeRequest))
#1 /Applications/MAMP/htdocs/emedia/lib/Cake/Routing/Dispatcher.php(85): Dispatcher->_invoke(Object(KidsController), Object(CakeRequest), Object(CakeResponse))
#2 /Applications/MAMP/htdocs/emedia/app/webroot/index.php(96): Dispatcher->dispatch(Object(CakeRequest), Object(CakeResponse))
#3 {main}
2012-04-23 13:43:18 Error: [MissingControllerException] Controller class KidController could not be found.
#0 /Applications/MAMP/htdocs/emedia/app/webroot/index.php(96): Dispatcher->dispatch(Object(CakeRequest), Object(CakeResponse))
#1 {main}
2012-04-23 13:43:35 Error: [MissingControllerException] Controller class KidController could not be found.
#0 /Applications/MAMP/htdocs/emedia/app/webroot/index.php(96): Dispatcher->dispatch(Object(CakeRequest), Object(CakeResponse))
#1 {main}
2012-04-23 13:43:36 Error: [MissingActionException] Action KidsController::all() could not be found.
#0 /Applications/MAMP/htdocs/emedia/lib/Cake/Routing/Dispatcher.php(103): Controller->invokeAction(Object(CakeRequest))
#1 /Applications/MAMP/htdocs/emedia/lib/Cake/Routing/Dispatcher.php(85): Dispatcher->_invoke(Object(KidsController), Object(CakeRequest), Object(CakeResponse))
#2 /Applications/MAMP/htdocs/emedia/app/webroot/index.php(96): Dispatcher->dispatch(Object(CakeRequest), Object(CakeResponse))
#3 {main}
2012-04-23 13:44:17 Error: [MissingActionException] Action KidsController::all() could not be found.
#0 /Applications/MAMP/htdocs/emedia/lib/Cake/Routing/Dispatcher.php(103): Controller->invokeAction(Object(CakeRequest))
#1 /Applications/MAMP/htdocs/emedia/lib/Cake/Routing/Dispatcher.php(85): Dispatcher->_invoke(Object(KidsController), Object(CakeRequest), Object(CakeResponse))
#2 /Applications/MAMP/htdocs/emedia/app/webroot/index.php(96): Dispatcher->dispatch(Object(CakeRequest), Object(CakeResponse))
#3 {main}
2012-04-23 13:44:17 Error: [MissingControllerException] Controller class KidController could not be found.
#0 /Applications/MAMP/htdocs/emedia/app/webroot/index.php(96): Dispatcher->dispatch(Object(CakeRequest), Object(CakeResponse))
#1 {main}
2012-04-23 15:52:48 Error: [PDOException] SQLSTATE[42000]: Syntax error or access violation: 1064 You have an error in your SQL syntax; check the manual that corresponds to your MySQL server version for the right syntax to use near 'lastInsertID' at line 1
#0 /Applications/MAMP/htdocs/emedia/lib/Cake/Model/Datasource/DboSource.php(437): PDOStatement->execute(Array)
#1 /Applications/MAMP/htdocs/emedia/lib/Cake/Model/Datasource/DboSource.php(403): DboSource->_execute('lastInsertID', Array)
#2 /Applications/MAMP/htdocs/emedia/lib/Cake/Model/Datasource/DboSource.php(647): DboSource->execute('lastInsertID', Array, Array)
#3 /Applications/MAMP/htdocs/emedia/lib/Cake/Model/Datasource/DboSource.php(589): DboSource->fetchAll('lastInsertID', Array, Array)
#4 /Applications/MAMP/htdocs/emedia/lib/Cake/Model/Model.php(775): DboSource->query('lastInsertID', Array, Object(Elder))
#5 [internal function]: Model->__call('lastInsertID', Array)
#6 /Applications/MAMP/htdocs/emedia/app/Controller/EldersController.php(66): Elder->lastInsertID()
#7 [internal function]: EldersController->register()
#8 /Applications/MAMP/htdocs/emedia/lib/Cake/Controller/Controller.php(485): ReflectionMethod->invokeArgs(Object(EldersController), Array)
#9 /Applications/MAMP/htdocs/emedia/lib/Cake/Routing/Dispatcher.php(103): Controller->invokeAction(Object(CakeRequest))
#10 /Applications/MAMP/htdocs/emedia/lib/Cake/Routing/Dispatcher.php(85): Dispatcher->_invoke(Object(EldersController), Object(CakeRequest), Object(CakeResponse))
#11 /Applications/MAMP/htdocs/emedia/app/webroot/index.php(96): Dispatcher->dispatch(Object(CakeRequest), Object(CakeResponse))
#12 {main}
2012-04-23 19:19:05 Error: [MissingControllerException] Controller class CssController could not be found.
#0 /Applications/MAMP/htdocs/emedia/app/webroot/index.php(96): Dispatcher->dispatch(Object(CakeRequest), Object(CakeResponse))
#1 {main}
2012-04-23 19:19:05 Error: [MissingActionException] Action UsersController::img() could not be found.
#0 /Applications/MAMP/htdocs/emedia/lib/Cake/Routing/Dispatcher.php(103): Controller->invokeAction(Object(CakeRequest))
#1 /Applications/MAMP/htdocs/emedia/lib/Cake/Routing/Dispatcher.php(85): Dispatcher->_invoke(Object(UsersController), Object(CakeRequest), Object(CakeResponse))
#2 /Applications/MAMP/htdocs/emedia/app/webroot/index.php(96): Dispatcher->dispatch(Object(CakeRequest), Object(CakeResponse))
#3 {main}
2012-04-23 19:19:52 Error: [MissingActionException] Action UsersController::img() could not be found.
#0 /Applications/MAMP/htdocs/emedia/lib/Cake/Routing/Dispatcher.php(103): Controller->invokeAction(Object(CakeRequest))
#1 /Applications/MAMP/htdocs/emedia/lib/Cake/Routing/Dispatcher.php(85): Dispatcher->_invoke(Object(UsersController), Object(CakeRequest), Object(CakeResponse))
#2 /Applications/MAMP/htdocs/emedia/app/webroot/index.php(96): Dispatcher->dispatch(Object(CakeRequest), Object(CakeResponse))
#3 {main}
2012-04-23 19:19:52 Error: [MissingControllerException] Controller class CssController could not be found.
#0 /Applications/MAMP/htdocs/emedia/app/webroot/index.php(96): Dispatcher->dispatch(Object(CakeRequest), Object(CakeResponse))
#1 {main}
2012-04-23 19:20:07 Error: [MissingActionException] Action UsersController::img() could not be found.
#0 /Applications/MAMP/htdocs/emedia/lib/Cake/Routing/Dispatcher.php(103): Controller->invokeAction(Object(CakeRequest))
#1 /Applications/MAMP/htdocs/emedia/lib/Cake/Routing/Dispatcher.php(85): Dispatcher->_invoke(Object(UsersController), Object(CakeRequest), Object(CakeResponse))
#2 /Applications/MAMP/htdocs/emedia/app/webroot/index.php(96): Dispatcher->dispatch(Object(CakeRequest), Object(CakeResponse))
#3 {main}
2012-04-23 19:20:44 Error: [MissingActionException] Action UsersController::img() could not be found.
#0 /Applications/MAMP/htdocs/emedia/lib/Cake/Routing/Dispatcher.php(103): Controller->invokeAction(Object(CakeRequest))
#1 /Applications/MAMP/htdocs/emedia/lib/Cake/Routing/Dispatcher.php(85): Dispatcher->_invoke(Object(UsersController), Object(CakeRequest), Object(CakeResponse))
#2 /Applications/MAMP/htdocs/emedia/app/webroot/index.php(96): Dispatcher->dispatch(Object(CakeRequest), Object(CakeResponse))
#3 {main}
2012-04-23 19:21:33 Error: [MissingActionException] Action UsersController::img() could not be found.
#0 /Applications/MAMP/htdocs/emedia/lib/Cake/Routing/Dispatcher.php(103): Controller->invokeAction(Object(CakeRequest))
#1 /Applications/MAMP/htdocs/emedia/lib/Cake/Routing/Dispatcher.php(85): Dispatcher->_invoke(Object(UsersController), Object(CakeRequest), Object(CakeResponse))
#2 /Applications/MAMP/htdocs/emedia/app/webroot/index.php(96): Dispatcher->dispatch(Object(CakeRequest), Object(CakeResponse))
#3 {main}
2012-04-23 19:25:15 Error: [MissingActionException] Action UsersController::img() could not be found.
#0 /Applications/MAMP/htdocs/emedia/lib/Cake/Routing/Dispatcher.php(103): Controller->invokeAction(Object(CakeRequest))
#1 /Applications/MAMP/htdocs/emedia/lib/Cake/Routing/Dispatcher.php(85): Dispatcher->_invoke(Object(UsersController), Object(CakeRequest), Object(CakeResponse))
#2 /Applications/MAMP/htdocs/emedia/app/webroot/index.php(96): Dispatcher->dispatch(Object(CakeRequest), Object(CakeResponse))
#3 {main}
2012-04-23 19:42:34 Error: [MissingActionException] Action UsersController::<pre class=() could not be found.
#0 /Applications/MAMP/htdocs/emedia/lib/Cake/Routing/Dispatcher.php(103): Controller->invokeAction(Object(CakeRequest))
#1 /Applications/MAMP/htdocs/emedia/lib/Cake/Routing/Dispatcher.php(85): Dispatcher->_invoke(Object(UsersController), Object(CakeRequest), Object(CakeResponse))
#2 /Applications/MAMP/htdocs/emedia/app/webroot/index.php(96): Dispatcher->dispatch(Object(CakeRequest), Object(CakeResponse))
#3 {main}
2012-04-23 19:42:35 Error: [MissingActionException] Action UsersController::<pre class=() could not be found.
#0 /Applications/MAMP/htdocs/emedia/lib/Cake/Routing/Dispatcher.php(103): Controller->invokeAction(Object(CakeRequest))
#1 /Applications/MAMP/htdocs/emedia/lib/Cake/Routing/Dispatcher.php(85): Dispatcher->_invoke(Object(UsersController), Object(CakeRequest), Object(CakeResponse))
#2 /Applications/MAMP/htdocs/emedia/app/webroot/index.php(96): Dispatcher->dispatch(Object(CakeRequest), Object(CakeResponse))
#3 {main}
2012-04-23 23:11:05 Warning: Warning (2): array_keys() expects parameter 1 to be array, null given in [/Applications/MAMP/htdocs/emedia/lib/Cake/Model/Model.php, line 1996]
Trace:
array_keys - [internal], line ??
Model::saveAll() - CORE/Cake/Model/Model.php, line 1996
EldersController::register() - APP/Controller/EldersController.php, line 68
ReflectionMethod::invokeArgs() - [internal], line ??
Controller::invokeAction() - CORE/Cake/Controller/Controller.php, line 485
Dispatcher::_invoke() - CORE/Cake/Routing/Dispatcher.php, line 103
Dispatcher::dispatch() - CORE/Cake/Routing/Dispatcher.php, line 85
[main] - APP/webroot/index.php, line 96

2012-04-23 23:26:17 Error: [PDOException] SQLSTATE[21S01]: Insert value list does not match column list: 1136 Column count doesn't match value count at row 1
#0 /Applications/MAMP/htdocs/emedia/lib/Cake/Model/Datasource/DboSource.php(437): PDOStatement->execute(Array)
#1 /Applications/MAMP/htdocs/emedia/lib/Cake/Model/Datasource/DboSource.php(403): DboSource->_execute('INSERT INTO eld...', Array)
#2 /Applications/MAMP/htdocs/emedia/lib/Cake/Model/Datasource/DboSource.php(647): DboSource->execute('INSERT INTO eld...', Array, Array)
#3 /Applications/MAMP/htdocs/emedia/lib/Cake/Model/Datasource/DboSource.php(516): DboSource->fetchAll('INSERT INTO eld...')
#4 [internal function]: DboSource->query('INSERT INTO eld...')
#5 /Applications/MAMP/htdocs/emedia/lib/Cake/Model/Model.php(3010): call_user_func_array(Array, Array)
#6 /Applications/MAMP/htdocs/emedia/app/Controller/EldersController.php(69): Model->query('INSERT INTO eld...')
#7 [internal function]: EldersController->register()
#8 /Applications/MAMP/htdocs/emedia/lib/Cake/Controller/Controller.php(485): ReflectionMethod->invokeArgs(Object(EldersController), Array)
#9 /Applications/MAMP/htdocs/emedia/lib/Cake/Routing/Dispatcher.php(103): Controller->invokeAction(Object(CakeRequest))
#10 /Applications/MAMP/htdocs/emedia/lib/Cake/Routing/Dispatcher.php(85): Dispatcher->_invoke(Object(EldersController), Object(CakeRequest), Object(CakeResponse))
#11 /Applications/MAMP/htdocs/emedia/app/webroot/index.php(96): Dispatcher->dispatch(Object(CakeRequest), Object(CakeResponse))
#12 {main}
2012-04-23 23:26:49 Error: [PDOException] SQLSTATE[21S01]: Insert value list does not match column list: 1136 Column count doesn't match value count at row 1
#0 /Applications/MAMP/htdocs/emedia/lib/Cake/Model/Datasource/DboSource.php(437): PDOStatement->execute(Array)
#1 /Applications/MAMP/htdocs/emedia/lib/Cake/Model/Datasource/DboSource.php(403): DboSource->_execute('INSERT INTO eld...', Array)
#2 /Applications/MAMP/htdocs/emedia/lib/Cake/Model/Datasource/DboSource.php(647): DboSource->execute('INSERT INTO eld...', Array, Array)
#3 /Applications/MAMP/htdocs/emedia/lib/Cake/Model/Datasource/DboSource.php(516): DboSource->fetchAll('INSERT INTO eld...')
#4 [internal function]: DboSource->query('INSERT INTO eld...')
#5 /Applications/MAMP/htdocs/emedia/lib/Cake/Model/Model.php(3010): call_user_func_array(Array, Array)
#6 /Applications/MAMP/htdocs/emedia/app/Controller/EldersController.php(69): Model->query('INSERT INTO eld...')
#7 [internal function]: EldersController->register()
#8 /Applications/MAMP/htdocs/emedia/lib/Cake/Controller/Controller.php(485): ReflectionMethod->invokeArgs(Object(EldersController), Array)
#9 /Applications/MAMP/htdocs/emedia/lib/Cake/Routing/Dispatcher.php(103): Controller->invokeAction(Object(CakeRequest))
#10 /Applications/MAMP/htdocs/emedia/lib/Cake/Routing/Dispatcher.php(85): Dispatcher->_invoke(Object(EldersController), Object(CakeRequest), Object(CakeResponse))
#11 /Applications/MAMP/htdocs/emedia/app/webroot/index.php(96): Dispatcher->dispatch(Object(CakeRequest), Object(CakeResponse))
#12 {main}
2012-04-24 13:27:43 Error: [MissingActionException] Action EldersController::users() could not be found.
#0 /Applications/MAMP/htdocs/emedia/lib/Cake/Routing/Dispatcher.php(103): Controller->invokeAction(Object(CakeRequest))
#1 /Applications/MAMP/htdocs/emedia/lib/Cake/Routing/Dispatcher.php(85): Dispatcher->_invoke(Object(EldersController), Object(CakeRequest), Object(CakeResponse))
#2 /Applications/MAMP/htdocs/emedia/app/webroot/index.php(96): Dispatcher->dispatch(Object(CakeRequest), Object(CakeResponse))
#3 {main}
2012-04-24 13:58:32 Error: [MissingControllerException] Controller class RegisterController could not be found.
#0 /Applications/MAMP/htdocs/emedia/app/webroot/index.php(96): Dispatcher->dispatch(Object(CakeRequest), Object(CakeResponse))
#1 {main}
